I, [2018-06-28T09:39:55.426826 #14794]  INFO -- Kitchen: -----> Starting Kitchen (v1.21.2)
I, [2018-06-28T09:39:57.380360 #14794]  INFO -- Kitchen: -----> Creating <default-ubuntu-1204>...
I, [2018-06-28T09:40:28.835304 #14794]  INFO -- Kitchen: -----> Converging <default-ubuntu-1204>...
I, [2018-06-28T09:40:47.298445 #14794]  INFO -- Kitchen: -----> Creating <default-centos-7>...
I, [2018-06-28T09:41:13.343666 #14794]  INFO -- Kitchen: -----> Converging <default-centos-7>...
E, [2018-06-28T09:41:31.383807 #14794] ERROR -- Kitchen: ------Exception-------
E, [2018-06-28T09:41:31.383847 #14794] ERROR -- Kitchen: Class: Kitchen::ActionFailed
E, [2018-06-28T09:41:31.383867 #14794] ERROR -- Kitchen: Message: 2 actions failed.
>>>>>>     Converge failed on instance <default-ubuntu-1204>.  Please see .kitchen/logs/default-ubuntu-1204.log for more details
>>>>>>     Converge failed on instance <default-centos-7>.  Please see .kitchen/logs/default-centos-7.log for more details
E, [2018-06-28T09:41:31.383886 #14794] ERROR -- Kitchen: ----------------------
E, [2018-06-28T09:41:31.383902 #14794] ERROR -- Kitchen: ------Backtrace-------
E, [2018-06-28T09:41:31.383929 #14794] ERROR -- Kitchen: /opt/chefdk/embedded/lib/ruby/gems/2.5.0/gems/test-kitchen-1.21.2/lib/kitchen/command.rb:183:in `report_errors'
E, [2018-06-28T09:41:31.383956 #14794] ERROR -- Kitchen: /opt/chefdk/embedded/lib/ruby/gems/2.5.0/gems/test-kitchen-1.21.2/lib/kitchen/command.rb:174:in `run_action'
E, [2018-06-28T09:41:31.383979 #14794] ERROR -- Kitchen: /opt/chefdk/embedded/lib/ruby/gems/2.5.0/gems/test-kitchen-1.21.2/lib/kitchen/command/action.rb:36:in `block in call'
E, [2018-06-28T09:41:31.383995 #14794] ERROR -- Kitchen: /opt/chefdk/embedded/lib/ruby/2.5.0/benchmark.rb:293:in `measure'
E, [2018-06-28T09:41:31.384009 #14794] ERROR -- Kitchen: /opt/chefdk/embedded/lib/ruby/gems/2.5.0/gems/test-kitchen-1.21.2/lib/kitchen/command/action.rb:34:in `call'
E, [2018-06-28T09:41:31.384025 #14794] ERROR -- Kitchen: /opt/chefdk/embedded/lib/ruby/gems/2.5.0/gems/test-kitchen-1.21.2/lib/kitchen/cli.rb:52:in `perform'
E, [2018-06-28T09:41:31.384040 #14794] ERROR -- Kitchen: /opt/chefdk/embedded/lib/ruby/gems/2.5.0/gems/test-kitchen-1.21.2/lib/kitchen/cli.rb:193:in `block (2 levels) in <class:CLI>'
E, [2018-06-28T09:41:31.384056 #14794] ERROR -- Kitchen: /opt/chefdk/embedded/lib/ruby/gems/2.5.0/gems/thor-0.20.0/lib/thor/command.rb:27:in `run'
E, [2018-06-28T09:41:31.384072 #14794] ERROR -- Kitchen: /opt/chefdk/embedded/lib/ruby/gems/2.5.0/gems/thor-0.20.0/lib/thor/invocation.rb:126:in `invoke_command'
E, [2018-06-28T09:41:31.384087 #14794] ERROR -- Kitchen: /opt/chefdk/embedded/lib/ruby/gems/2.5.0/gems/thor-0.20.0/lib/thor.rb:387:in `dispatch'
E, [2018-06-28T09:41:31.384102 #14794] ERROR -- Kitchen: /opt/chefdk/embedded/lib/ruby/gems/2.5.0/gems/thor-0.20.0/lib/thor/base.rb:466:in `start'
E, [2018-06-28T09:41:31.384118 #14794] ERROR -- Kitchen: /opt/chefdk/embedded/lib/ruby/gems/2.5.0/gems/test-kitchen-1.21.2/bin/kitchen:13:in `block in <top (required)>'
E, [2018-06-28T09:41:31.384133 #14794] ERROR -- Kitchen: /opt/chefdk/embedded/lib/ruby/gems/2.5.0/gems/test-kitchen-1.21.2/lib/kitchen/errors.rb:171:in `with_friendly_errors'
E, [2018-06-28T09:41:31.384149 #14794] ERROR -- Kitchen: /opt/chefdk/embedded/lib/ruby/gems/2.5.0/gems/test-kitchen-1.21.2/bin/kitchen:13:in `<top (required)>'
E, [2018-06-28T09:41:31.384164 #14794] ERROR -- Kitchen: /usr/bin/kitchen:270:in `load'
E, [2018-06-28T09:41:31.384177 #14794] ERROR -- Kitchen: /usr/bin/kitchen:270:in `<main>'
E, [2018-06-28T09:41:31.384190 #14794] ERROR -- Kitchen: ----End Backtrace-----
E, [2018-06-28T09:41:31.384205 #14794] ERROR -- Kitchen: -Composite Exception--
E, [2018-06-28T09:41:31.384219 #14794] ERROR -- Kitchen: Class: Kitchen::InstanceFailure
E, [2018-06-28T09:41:31.384234 #14794] ERROR -- Kitchen: Message: Converge failed on instance <default-ubuntu-1204>.  Please see .kitchen/logs/default-ubuntu-1204.log for more details
E, [2018-06-28T09:41:31.384250 #14794] ERROR -- Kitchen: ----------------------
E, [2018-06-28T09:41:31.384307 #14794] ERROR -- Kitchen: ------Backtrace-------
E, [2018-06-28T09:41:31.384334 #14794] ERROR -- Kitchen: /opt/chefdk/embedded/lib/ruby/gems/2.5.0/gems/test-kitchen-1.21.2/lib/kitchen/provisioner/base.rb:91:in `rescue in call'
E, [2018-06-28T09:41:31.384355 #14794] ERROR -- Kitchen: /opt/chefdk/embedded/lib/ruby/gems/2.5.0/gems/test-kitchen-1.21.2/lib/kitchen/provisioner/base.rb:67:in `call'
E, [2018-06-28T09:41:31.384373 #14794] ERROR -- Kitchen: /opt/chefdk/embedded/lib/ruby/gems/2.5.0/gems/test-kitchen-1.21.2/lib/kitchen/instance.rb:393:in `block in converge_action'
E, [2018-06-28T09:41:31.384389 #14794] ERROR -- Kitchen: /opt/chefdk/embedded/lib/ruby/gems/2.5.0/gems/test-kitchen-1.21.2/lib/kitchen/instance.rb:536:in `synchronize_or_call'
E, [2018-06-28T09:41:31.384403 #14794] ERROR -- Kitchen: /opt/chefdk/embedded/lib/ruby/gems/2.5.0/gems/test-kitchen-1.21.2/lib/kitchen/instance.rb:498:in `block in action'
E, [2018-06-28T09:41:31.384418 #14794] ERROR -- Kitchen: /opt/chefdk/embedded/lib/ruby/2.5.0/benchmark.rb:293:in `measure'
E, [2018-06-28T09:41:31.384433 #14794] ERROR -- Kitchen: /opt/chefdk/embedded/lib/ruby/gems/2.5.0/gems/test-kitchen-1.21.2/lib/kitchen/instance.rb:497:in `action'
E, [2018-06-28T09:41:31.384447 #14794] ERROR -- Kitchen: /opt/chefdk/embedded/lib/ruby/gems/2.5.0/gems/test-kitchen-1.21.2/lib/kitchen/instance.rb:389:in `converge_action'
E, [2018-06-28T09:41:31.384462 #14794] ERROR -- Kitchen: /opt/chefdk/embedded/lib/ruby/gems/2.5.0/gems/test-kitchen-1.21.2/lib/kitchen/instance.rb:368:in `block in transition_to'
E, [2018-06-28T09:41:31.384477 #14794] ERROR -- Kitchen: /opt/chefdk/embedded/lib/ruby/gems/2.5.0/gems/test-kitchen-1.21.2/lib/kitchen/instance.rb:367:in `each'
E, [2018-06-28T09:41:31.384493 #14794] ERROR -- Kitchen: /opt/chefdk/embedded/lib/ruby/gems/2.5.0/gems/test-kitchen-1.21.2/lib/kitchen/instance.rb:367:in `transition_to'
E, [2018-06-28T09:41:31.384507 #14794] ERROR -- Kitchen: /opt/chefdk/embedded/lib/ruby/gems/2.5.0/gems/test-kitchen-1.21.2/lib/kitchen/instance.rb:135:in `converge'
E, [2018-06-28T09:41:31.384521 #14794] ERROR -- Kitchen: /opt/chefdk/embedded/lib/ruby/gems/2.5.0/gems/test-kitchen-1.21.2/lib/kitchen/command.rb:197:in `public_send'
E, [2018-06-28T09:41:31.384538 #14794] ERROR -- Kitchen: /opt/chefdk/embedded/lib/ruby/gems/2.5.0/gems/test-kitchen-1.21.2/lib/kitchen/command.rb:197:in `run_action_in_thread'
E, [2018-06-28T09:41:31.384553 #14794] ERROR -- Kitchen: /opt/chefdk/embedded/lib/ruby/gems/2.5.0/gems/test-kitchen-1.21.2/lib/kitchen/command.rb:169:in `block (2 levels) in run_action'
E, [2018-06-28T09:41:31.384569 #14794] ERROR -- Kitchen: ----End Backtrace-----
E, [2018-06-28T09:41:31.384585 #14794] ERROR -- Kitchen: ---Nested Exception---
E, [2018-06-28T09:41:31.384621 #14794] ERROR -- Kitchen: Class: Kitchen::ActionFailed
E, [2018-06-28T09:41:31.384637 #14794] ERROR -- Kitchen: Message: SSH exited (1) for command: [sh -c '
TEST_KITCHEN="1"; export TEST_KITCHEN
sudo -E /opt/chef/bin/chef-client --local-mode --config /tmp/kitchen/client.rb --log_level auto --force-formatter --no-color --json-attributes /tmp/kitchen/dna.json --chef-zero-port 8889 
']
E, [2018-06-28T09:41:31.384650 #14794] ERROR -- Kitchen: ----------------------
E, [2018-06-28T09:41:31.384664 #14794] ERROR -- Kitchen: ------Backtrace-------
E, [2018-06-28T09:41:31.384677 #14794] ERROR -- Kitchen: /opt/chefdk/embedded/lib/ruby/gems/2.5.0/gems/test-kitchen-1.21.2/lib/kitchen/provisioner/base.rb:91:in `rescue in call'
E, [2018-06-28T09:41:31.384692 #14794] ERROR -- Kitchen: /opt/chefdk/embedded/lib/ruby/gems/2.5.0/gems/test-kitchen-1.21.2/lib/kitchen/provisioner/base.rb:67:in `call'
E, [2018-06-28T09:41:31.384707 #14794] ERROR -- Kitchen: /opt/chefdk/embedded/lib/ruby/gems/2.5.0/gems/test-kitchen-1.21.2/lib/kitchen/instance.rb:393:in `block in converge_action'
E, [2018-06-28T09:41:31.384722 #14794] ERROR -- Kitchen: /opt/chefdk/embedded/lib/ruby/gems/2.5.0/gems/test-kitchen-1.21.2/lib/kitchen/instance.rb:536:in `synchronize_or_call'
E, [2018-06-28T09:41:31.384743 #14794] ERROR -- Kitchen: /opt/chefdk/embedded/lib/ruby/gems/2.5.0/gems/test-kitchen-1.21.2/lib/kitchen/instance.rb:498:in `block in action'
E, [2018-06-28T09:41:31.384764 #14794] ERROR -- Kitchen: /opt/chefdk/embedded/lib/ruby/2.5.0/benchmark.rb:293:in `measure'
E, [2018-06-28T09:41:31.384780 #14794] ERROR -- Kitchen: /opt/chefdk/embedded/lib/ruby/gems/2.5.0/gems/test-kitchen-1.21.2/lib/kitchen/instance.rb:497:in `action'
E, [2018-06-28T09:41:31.384794 #14794] ERROR -- Kitchen: /opt/chefdk/embedded/lib/ruby/gems/2.5.0/gems/test-kitchen-1.21.2/lib/kitchen/instance.rb:389:in `converge_action'
E, [2018-06-28T09:41:31.384809 #14794] ERROR -- Kitchen: /opt/chefdk/embedded/lib/ruby/gems/2.5.0/gems/test-kitchen-1.21.2/lib/kitchen/instance.rb:368:in `block in transition_to'
E, [2018-06-28T09:41:31.384825 #14794] ERROR -- Kitchen: /opt/chefdk/embedded/lib/ruby/gems/2.5.0/gems/test-kitchen-1.21.2/lib/kitchen/instance.rb:367:in `each'
E, [2018-06-28T09:41:31.384841 #14794] ERROR -- Kitchen: /opt/chefdk/embedded/lib/ruby/gems/2.5.0/gems/test-kitchen-1.21.2/lib/kitchen/instance.rb:367:in `transition_to'
E, [2018-06-28T09:41:31.384855 #14794] ERROR -- Kitchen: /opt/chefdk/embedded/lib/ruby/gems/2.5.0/gems/test-kitchen-1.21.2/lib/kitchen/instance.rb:135:in `converge'
E, [2018-06-28T09:41:31.384871 #14794] ERROR -- Kitchen: /opt/chefdk/embedded/lib/ruby/gems/2.5.0/gems/test-kitchen-1.21.2/lib/kitchen/command.rb:197:in `public_send'
E, [2018-06-28T09:41:31.384887 #14794] ERROR -- Kitchen: /opt/chefdk/embedded/lib/ruby/gems/2.5.0/gems/test-kitchen-1.21.2/lib/kitchen/command.rb:197:in `run_action_in_thread'
E, [2018-06-28T09:41:31.384902 #14794] ERROR -- Kitchen: /opt/chefdk/embedded/lib/ruby/gems/2.5.0/gems/test-kitchen-1.21.2/lib/kitchen/command.rb:169:in `block (2 levels) in run_action'
E, [2018-06-28T09:41:31.384918 #14794] ERROR -- Kitchen: ----End Backtrace-----
E, [2018-06-28T09:41:31.384931 #14794] ERROR -- Kitchen: -Composite Exception--
E, [2018-06-28T09:41:31.384946 #14794] ERROR -- Kitchen: Class: Kitchen::InstanceFailure
E, [2018-06-28T09:41:31.384962 #14794] ERROR -- Kitchen: Message: Converge failed on instance <default-centos-7>.  Please see .kitchen/logs/default-centos-7.log for more details
E, [2018-06-28T09:41:31.384975 #14794] ERROR -- Kitchen: ----------------------
E, [2018-06-28T09:41:31.384988 #14794] ERROR -- Kitchen: ------Backtrace-------
E, [2018-06-28T09:41:31.385003 #14794] ERROR -- Kitchen: /opt/chefdk/embedded/lib/ruby/gems/2.5.0/gems/test-kitchen-1.21.2/lib/kitchen/provisioner/base.rb:91:in `rescue in call'
E, [2018-06-28T09:41:31.385019 #14794] ERROR -- Kitchen: /opt/chefdk/embedded/lib/ruby/gems/2.5.0/gems/test-kitchen-1.21.2/lib/kitchen/provisioner/base.rb:67:in `call'
E, [2018-06-28T09:41:31.385036 #14794] ERROR -- Kitchen: /opt/chefdk/embedded/lib/ruby/gems/2.5.0/gems/test-kitchen-1.21.2/lib/kitchen/instance.rb:393:in `block in converge_action'
E, [2018-06-28T09:41:31.385069 #14794] ERROR -- Kitchen: /opt/chefdk/embedded/lib/ruby/gems/2.5.0/gems/test-kitchen-1.21.2/lib/kitchen/instance.rb:536:in `synchronize_or_call'
E, [2018-06-28T09:41:31.385085 #14794] ERROR -- Kitchen: /opt/chefdk/embedded/lib/ruby/gems/2.5.0/gems/test-kitchen-1.21.2/lib/kitchen/instance.rb:498:in `block in action'
E, [2018-06-28T09:41:31.385100 #14794] ERROR -- Kitchen: /opt/chefdk/embedded/lib/ruby/2.5.0/benchmark.rb:293:in `measure'
E, [2018-06-28T09:41:31.385115 #14794] ERROR -- Kitchen: /opt/chefdk/embedded/lib/ruby/gems/2.5.0/gems/test-kitchen-1.21.2/lib/kitchen/instance.rb:497:in `action'
E, [2018-06-28T09:41:31.385130 #14794] ERROR -- Kitchen: /opt/chefdk/embedded/lib/ruby/gems/2.5.0/gems/test-kitchen-1.21.2/lib/kitchen/instance.rb:389:in `converge_action'
E, [2018-06-28T09:41:31.385143 #14794] ERROR -- Kitchen: /opt/chefdk/embedded/lib/ruby/gems/2.5.0/gems/test-kitchen-1.21.2/lib/kitchen/instance.rb:368:in `block in transition_to'
E, [2018-06-28T09:41:31.385158 #14794] ERROR -- Kitchen: /opt/chefdk/embedded/lib/ruby/gems/2.5.0/gems/test-kitchen-1.21.2/lib/kitchen/instance.rb:367:in `each'
E, [2018-06-28T09:41:31.385174 #14794] ERROR -- Kitchen: /opt/chefdk/embedded/lib/ruby/gems/2.5.0/gems/test-kitchen-1.21.2/lib/kitchen/instance.rb:367:in `transition_to'
E, [2018-06-28T09:41:31.385192 #14794] ERROR -- Kitchen: /opt/chefdk/embedded/lib/ruby/gems/2.5.0/gems/test-kitchen-1.21.2/lib/kitchen/instance.rb:135:in `converge'
E, [2018-06-28T09:41:31.385207 #14794] ERROR -- Kitchen: /opt/chefdk/embedded/lib/ruby/gems/2.5.0/gems/test-kitchen-1.21.2/lib/kitchen/command.rb:197:in `public_send'
E, [2018-06-28T09:41:31.385222 #14794] ERROR -- Kitchen: /opt/chefdk/embedded/lib/ruby/gems/2.5.0/gems/test-kitchen-1.21.2/lib/kitchen/command.rb:197:in `run_action_in_thread'
E, [2018-06-28T09:41:31.385238 #14794] ERROR -- Kitchen: /opt/chefdk/embedded/lib/ruby/gems/2.5.0/gems/test-kitchen-1.21.2/lib/kitchen/command.rb:169:in `block (2 levels) in run_action'
E, [2018-06-28T09:41:31.385252 #14794] ERROR -- Kitchen: ----End Backtrace-----
E, [2018-06-28T09:41:31.385266 #14794] ERROR -- Kitchen: ---Nested Exception---
E, [2018-06-28T09:41:31.385279 #14794] ERROR -- Kitchen: Class: Kitchen::ActionFailed
E, [2018-06-28T09:41:31.385293 #14794] ERROR -- Kitchen: Message: SSH exited (1) for command: [sh -c '
TEST_KITCHEN="1"; export TEST_KITCHEN
sudo -E /opt/chef/bin/chef-client --local-mode --config /tmp/kitchen/client.rb --log_level auto --force-formatter --no-color --json-attributes /tmp/kitchen/dna.json --chef-zero-port 8889 
']
E, [2018-06-28T09:41:31.385306 #14794] ERROR -- Kitchen: ----------------------
E, [2018-06-28T09:41:31.385319 #14794] ERROR -- Kitchen: ------Backtrace-------
E, [2018-06-28T09:41:31.385332 #14794] ERROR -- Kitchen: /opt/chefdk/embedded/lib/ruby/gems/2.5.0/gems/test-kitchen-1.21.2/lib/kitchen/provisioner/base.rb:91:in `rescue in call'
E, [2018-06-28T09:41:31.385345 #14794] ERROR -- Kitchen: /opt/chefdk/embedded/lib/ruby/gems/2.5.0/gems/test-kitchen-1.21.2/lib/kitchen/provisioner/base.rb:67:in `call'
E, [2018-06-28T09:41:31.385371 #14794] ERROR -- Kitchen: /opt/chefdk/embedded/lib/ruby/gems/2.5.0/gems/test-kitchen-1.21.2/lib/kitchen/instance.rb:393:in `block in converge_action'
E, [2018-06-28T09:41:31.385386 #14794] ERROR -- Kitchen: /opt/chefdk/embedded/lib/ruby/gems/2.5.0/gems/test-kitchen-1.21.2/lib/kitchen/instance.rb:536:in `synchronize_or_call'
E, [2018-06-28T09:41:31.385401 #14794] ERROR -- Kitchen: /opt/chefdk/embedded/lib/ruby/gems/2.5.0/gems/test-kitchen-1.21.2/lib/kitchen/instance.rb:498:in `block in action'
E, [2018-06-28T09:41:31.385416 #14794] ERROR -- Kitchen: /opt/chefdk/embedded/lib/ruby/2.5.0/benchmark.rb:293:in `measure'
E, [2018-06-28T09:41:31.385432 #14794] ERROR -- Kitchen: /opt/chefdk/embedded/lib/ruby/gems/2.5.0/gems/test-kitchen-1.21.2/lib/kitchen/instance.rb:497:in `action'
E, [2018-06-28T09:41:31.385446 #14794] ERROR -- Kitchen: /opt/chefdk/embedded/lib/ruby/gems/2.5.0/gems/test-kitchen-1.21.2/lib/kitchen/instance.rb:389:in `converge_action'
E, [2018-06-28T09:41:31.385462 #14794] ERROR -- Kitchen: /opt/chefdk/embedded/lib/ruby/gems/2.5.0/gems/test-kitchen-1.21.2/lib/kitchen/instance.rb:368:in `block in transition_to'
E, [2018-06-28T09:41:31.385476 #14794] ERROR -- Kitchen: /opt/chefdk/embedded/lib/ruby/gems/2.5.0/gems/test-kitchen-1.21.2/lib/kitchen/instance.rb:367:in `each'
E, [2018-06-28T09:41:31.385491 #14794] ERROR -- Kitchen: /opt/chefdk/embedded/lib/ruby/gems/2.5.0/gems/test-kitchen-1.21.2/lib/kitchen/instance.rb:367:in `transition_to'
E, [2018-06-28T09:41:31.385504 #14794] ERROR -- Kitchen: /opt/chefdk/embedded/lib/ruby/gems/2.5.0/gems/test-kitchen-1.21.2/lib/kitchen/instance.rb:135:in `converge'
E, [2018-06-28T09:41:31.385517 #14794] ERROR -- Kitchen: /opt/chefdk/embedded/lib/ruby/gems/2.5.0/gems/test-kitchen-1.21.2/lib/kitchen/command.rb:197:in `public_send'
E, [2018-06-28T09:41:31.385533 #14794] ERROR -- Kitchen: /opt/chefdk/embedded/lib/ruby/gems/2.5.0/gems/test-kitchen-1.21.2/lib/kitchen/command.rb:197:in `run_action_in_thread'
E, [2018-06-28T09:41:31.385547 #14794] ERROR -- Kitchen: /opt/chefdk/embedded/lib/ruby/gems/2.5.0/gems/test-kitchen-1.21.2/lib/kitchen/command.rb:169:in `block (2 levels) in run_action'
E, [2018-06-28T09:41:31.385562 #14794] ERROR -- Kitchen: ----End Backtrace-----
